[debug] [2019-10-03T12:37:00.354Z] ----------------------------------------------------------------------
[debug] [2019-10-03T12:37:00.355Z] Command:       /Users/aladage/.nvm/versions/node/v10.16.0/bin/node /Users/aladage/.nvm/versions/node/v10.16.0/bin/firebase serve
[debug] [2019-10-03T12:37:00.355Z] CLI Version:   7.2.4
[debug] [2019-10-03T12:37:00.355Z] Platform:      darwin
[debug] [2019-10-03T12:37:00.355Z] Node Version:  v10.16.0
[debug] [2019-10-03T12:37:00.356Z] Time:          Thu Oct 03 2019 07:37:00 GMT-0500 (Central Daylight Time)
[debug] [2019-10-03T12:37:00.356Z] ----------------------------------------------------------------------
[debug] 
[debug] [2019-10-03T12:37:00.368Z] > command requires scopes: ["email","openid","https://www.googleapis.com/auth/cloudplatformprojects.readonly","https://www.googleapis.com/auth/firebase","https://www.googleapis.com/auth/cloud-platform"]
[debug] [2019-10-03T12:37:00.368Z] > authorizing via signed-in user
[debug] [2019-10-03T12:37:00.368Z] [iam] checking project deghalloween2019 for permissions ["firebase.projects.get"]
[debug] [2019-10-03T12:37:00.369Z] > refreshing access token with scopes: ["email","https://www.googleapis.com/auth/cloud-platform","https://www.googleapis.com/auth/cloudplatformprojects.readonly","https://www.googleapis.com/auth/firebase","openid"]
[debug] [2019-10-03T12:37:00.369Z] >>> HTTP REQUEST POST https://www.googleapis.com/oauth2/v3/token  
 <request body omitted>
[debug] [2019-10-03T12:37:00.555Z] <<< HTTP RESPONSE 200
[debug] [2019-10-03T12:37:00.563Z] >>> HTTP REQUEST POST https://cloudresourcemanager.googleapis.com/v1/projects/deghalloween2019:testIamPermissions  

[debug] [2019-10-03T12:37:00.715Z] <<< HTTP RESPONSE 200
[debug] [2019-10-03T12:37:00.716Z] >>> HTTP REQUEST GET https://firebase.googleapis.com/v1beta1/projects/deghalloween2019  
 
[debug] [2019-10-03T12:37:00.932Z] <<< HTTP RESPONSE 200
[info] 
[info] === Serving from '/Users/aladage/Projects/_degsideprojects/halloween2019'...
[info] 
[debug] [2019-10-03T12:37:00.938Z] >>> HTTP REQUEST GET https://firebase.googleapis.com/v1beta1/projects/deghalloween2019/webApps/-/config  
 
[warn] ⚠  Your requested "node" version "8" doesn't match your global version "10"
[info] ✔  functions: Emulator started at http://localhost:5001
[debug] [2019-10-03T12:37:01.342Z] <<< HTTP RESPONSE 200
[info] i  functions: Watching "/Users/aladage/Projects/_degsideprojects/halloween2019/functions" for Cloud Functions...
[info] i  hosting: Serving hosting files from: app
[info] ✔  hosting: Local server: http://localhost:5000
[debug] [2019-10-03T12:37:01.606Z] [runtime-status] Functions runtime initialized. {"cwd":"/Users/aladage/Projects/_degsideprojects/halloween2019/functions","node_version":"10.16.0"}
[debug] [2019-10-03T12:37:01.606Z] [runtime-status] Disabled runtime features: {"functions_config_helper":true,"network_filtering":true,"timeout":true,"memory_limiting":true,"admin_stubs":true} {}
[debug] [2019-10-03T12:37:01.609Z] [runtime-status] Resolved module firebase-admin {"declared":true,"installed":true,"version":"8.6.0","resolution":"/Users/aladage/Projects/_degsideprojects/halloween2019/functions/node_modules/firebase-admin/lib/index.js"}
[debug] [2019-10-03T12:37:01.612Z] [runtime-status] Resolved module firebase-functions {"declared":true,"installed":true,"version":"3.2.0","resolution":"/Users/aladage/Projects/_degsideprojects/halloween2019/functions/node_modules/firebase-functions/lib/index.js"}
[debug] [2019-10-03T12:37:01.612Z] [runtime-status] Resolved module firebase-functions {"declared":true,"installed":true,"version":"3.2.0","resolution":"/Users/aladage/Projects/_degsideprojects/halloween2019/functions/node_modules/firebase-functions/lib/index.js"}
[info] i  functions[battleWinChecker]: function ignored because the database emulator does not exist or is not running.
